2022-01-17 18:00:59,348 - CPUUtilization.Percent:0.0|#Level:Host|#hostname:SnoozeUbuntu,timestamp:1642438859
2022-01-17 18:00:59,355 - DiskAvailable.Gigabytes:36.596588134765625|#Level:Host|#hostname:SnoozeUbuntu,timestamp:1642438859
2022-01-17 18:00:59,355 - DiskUsage.Gigabytes:48.408294677734375|#Level:Host|#hostname:SnoozeUbuntu,timestamp:1642438859
2022-01-17 18:00:59,355 - DiskUtilization.Percent:56.9|#Level:Host|#hostname:SnoozeUbuntu,timestamp:1642438859
2022-01-17 18:00:59,355 - MemoryAvailable.Megabytes:10395.125|#Level:Host|#hostname:SnoozeUbuntu,timestamp:1642438859
2022-01-17 18:00:59,355 - MemoryUsed.Megabytes:3107.21875|#Level:Host|#hostname:SnoozeUbuntu,timestamp:1642438859
2022-01-17 18:00:59,355 - MemoryUtilization.Percent:25.0|#Level:Host|#hostname:SnoozeUbuntu,timestamp:1642438859
2022-01-17 18:01:00,005 - W-9008-my_fancy_model_1.0.ms:936|#Level:Host|#hostname:SnoozeUbuntu,timestamp:1642438860
2022-01-17 18:01:00,005 - W-9015-my_fancy_model_1.0.ms:935|#Level:Host|#hostname:SnoozeUbuntu,timestamp:1642438860
2022-01-17 18:01:00,005 - W-9001-my_fancy_model_1.0.ms:938|#Level:Host|#hostname:SnoozeUbuntu,timestamp:1642438860
2022-01-17 18:01:00,005 - W-9006-my_fancy_model_1.0.ms:937|#Level:Host|#hostname:SnoozeUbuntu,timestamp:1642438860
2022-01-17 18:01:00,005 - W-9007-my_fancy_model_1.0.ms:937|#Level:Host|#hostname:SnoozeUbuntu,timestamp:1642438860
2022-01-17 18:01:00,006 - W-9010-my_fancy_model_1.0.ms:937|#Level:Host|#hostname:SnoozeUbuntu,timestamp:1642438860
2022-01-17 18:01:00,006 - W-9000-my_fancy_model_1.0.ms:941|#Level:Host|#hostname:SnoozeUbuntu,timestamp:1642438860
2022-01-17 18:01:00,008 - W-9004-my_fancy_model_1.0.ms:940|#Level:Host|#hostname:SnoozeUbuntu,timestamp:1642438860
2022-01-17 18:01:00,008 - W-9012-my_fancy_model_1.0.ms:939|#Level:Host|#hostname:SnoozeUbuntu,timestamp:1642438860
2022-01-17 18:01:00,009 - W-9011-my_fancy_model_1.0.ms:940|#Level:Host|#hostname:SnoozeUbuntu,timestamp:1642438860
2022-01-17 18:01:00,009 - W-9013-my_fancy_model_1.0.ms:940|#Level:Host|#hostname:SnoozeUbuntu,timestamp:1642438860
2022-01-17 18:01:00,009 - W-9009-my_fancy_model_1.0.ms:940|#Level:Host|#hostname:SnoozeUbuntu,timestamp:1642438860
2022-01-17 18:01:00,012 - W-9002-my_fancy_model_1.0.ms:945|#Level:Host|#hostname:SnoozeUbuntu,timestamp:1642438860
2022-01-17 18:01:00,014 - W-9014-my_fancy_model_1.0.ms:944|#Level:Host|#hostname:SnoozeUbuntu,timestamp:1642438860
2022-01-17 18:01:00,016 - W-9005-my_fancy_model_1.0.ms:948|#Level:Host|#hostname:SnoozeUbuntu,timestamp:1642438860
2022-01-17 18:01:00,017 - W-9003-my_fancy_model_1.0.ms:950|#Level:Host|#hostname:SnoozeUbuntu,timestamp:1642438860
2022-01-17 18:01:59,293 - CPUUtilization.Percent:0.0|#Level:Host|#hostname:SnoozeUbuntu,timestamp:1642438919
2022-01-17 18:01:59,294 - DiskAvailable.Gigabytes:36.596580505371094|#Level:Host|#hostname:SnoozeUbuntu,timestamp:1642438919
2022-01-17 18:01:59,294 - DiskUsage.Gigabytes:48.408302307128906|#Level:Host|#hostname:SnoozeUbuntu,timestamp:1642438919
2022-01-17 18:01:59,294 - DiskUtilization.Percent:56.9|#Level:Host|#hostname:SnoozeUbuntu,timestamp:1642438919
2022-01-17 18:01:59,294 - MemoryAvailable.Megabytes:8875.30078125|#Level:Host|#hostname:SnoozeUbuntu,timestamp:1642438919
2022-01-17 18:01:59,294 - MemoryUsed.Megabytes:4629.58984375|#Level:Host|#hostname:SnoozeUbuntu,timestamp:1642438919
2022-01-17 18:01:59,295 - MemoryUtilization.Percent:35.9|#Level:Host|#hostname:SnoozeUbuntu,timestamp:1642438919
2022-01-17 18:01:59,731 - Requests2XX.Count:1|#Level:Host|#hostname:SnoozeUbuntu,timestamp:null
2022-01-17 18:02:07,797 - Requests2XX.Count:1|#Level:Host|#hostname:SnoozeUbuntu,timestamp:null
2022-01-17 18:02:59,290 - CPUUtilization.Percent:0.0|#Level:Host|#hostname:SnoozeUbuntu,timestamp:1642438979
2022-01-17 18:02:59,291 - DiskAvailable.Gigabytes:36.59656524658203|#Level:Host|#hostname:SnoozeUbuntu,timestamp:1642438979
2022-01-17 18:02:59,291 - DiskUsage.Gigabytes:48.40831756591797|#Level:Host|#hostname:SnoozeUbuntu,timestamp:1642438979
2022-01-17 18:02:59,291 - DiskUtilization.Percent:56.9|#Level:Host|#hostname:SnoozeUbuntu,timestamp:1642438979
2022-01-17 18:02:59,291 - MemoryAvailable.Megabytes:8820.24609375|#Level:Host|#hostname:SnoozeUbuntu,timestamp:1642438979
2022-01-17 18:02:59,292 - MemoryUsed.Megabytes:4684.453125|#Level:Host|#hostname:SnoozeUbuntu,timestamp:1642438979
2022-01-17 18:02:59,292 - MemoryUtilization.Percent:36.3|#Level:Host|#hostname:SnoozeUbuntu,timestamp:1642438979
2022-01-17 18:03:59,298 - CPUUtilization.Percent:0.0|#Level:Host|#hostname:SnoozeUbuntu,timestamp:1642439039
2022-01-17 18:03:59,298 - DiskAvailable.Gigabytes:36.59645080566406|#Level:Host|#hostname:SnoozeUbuntu,timestamp:1642439039
2022-01-17 18:03:59,299 - DiskUsage.Gigabytes:48.40843200683594|#Level:Host|#hostname:SnoozeUbuntu,timestamp:1642439039
2022-01-17 18:03:59,299 - DiskUtilization.Percent:56.9|#Level:Host|#hostname:SnoozeUbuntu,timestamp:1642439039
2022-01-17 18:03:59,299 - MemoryAvailable.Megabytes:8799.1015625|#Level:Host|#hostname:SnoozeUbuntu,timestamp:1642439039
2022-01-17 18:03:59,299 - MemoryUsed.Megabytes:4699.484375|#Level:Host|#hostname:SnoozeUbuntu,timestamp:1642439039
2022-01-17 18:03:59,299 - MemoryUtilization.Percent:36.5|#Level:Host|#hostname:SnoozeUbuntu,timestamp:1642439039
2022-01-17 18:04:20,150 - Requests2XX.Count:1|#Level:Host|#hostname:SnoozeUbuntu,timestamp:null
2022-01-17 18:04:59,303 - CPUUtilization.Percent:0.0|#Level:Host|#hostname:SnoozeUbuntu,timestamp:1642439099
2022-01-17 18:04:59,304 - DiskAvailable.Gigabytes:36.58525466918945|#Level:Host|#hostname:SnoozeUbuntu,timestamp:1642439099
2022-01-17 18:04:59,304 - DiskUsage.Gigabytes:48.41962814331055|#Level:Host|#hostname:SnoozeUbuntu,timestamp:1642439099
2022-01-17 18:04:59,304 - DiskUtilization.Percent:57.0|#Level:Host|#hostname:SnoozeUbuntu,timestamp:1642439099
2022-01-17 18:04:59,304 - MemoryAvailable.Megabytes:8478.453125|#Level:Host|#hostname:SnoozeUbuntu,timestamp:1642439099
2022-01-17 18:04:59,304 - MemoryUsed.Megabytes:4987.87109375|#Level:Host|#hostname:SnoozeUbuntu,timestamp:1642439099
2022-01-17 18:04:59,304 - MemoryUtilization.Percent:38.8|#Level:Host|#hostname:SnoozeUbuntu,timestamp:1642439099
2022-01-17 18:05:16,929 - Requests2XX.Count:1|#Level:Host|#hostname:SnoozeUbuntu,timestamp:null
2022-01-17 18:05:59,301 - CPUUtilization.Percent:0.0|#Level:Host|#hostname:SnoozeUbuntu,timestamp:1642439159
2022-01-17 18:05:59,302 - DiskAvailable.Gigabytes:36.578426361083984|#Level:Host|#hostname:SnoozeUbuntu,timestamp:1642439159
2022-01-17 18:05:59,302 - DiskUsage.Gigabytes:48.426456451416016|#Level:Host|#hostname:SnoozeUbuntu,timestamp:1642439159
2022-01-17 18:05:59,302 - DiskUtilization.Percent:57.0|#Level:Host|#hostname:SnoozeUbuntu,timestamp:1642439159
2022-01-17 18:05:59,302 - MemoryAvailable.Megabytes:8497.32421875|#Level:Host|#hostname:SnoozeUbuntu,timestamp:1642439159
2022-01-17 18:05:59,302 - MemoryUsed.Megabytes:4967.45703125|#Level:Host|#hostname:SnoozeUbuntu,timestamp:1642439159
2022-01-17 18:05:59,303 - MemoryUtilization.Percent:38.7|#Level:Host|#hostname:SnoozeUbuntu,timestamp:1642439159
2022-01-17 18:06:59,293 - CPUUtilization.Percent:0.0|#Level:Host|#hostname:SnoozeUbuntu,timestamp:1642439219
2022-01-17 18:06:59,293 - DiskAvailable.Gigabytes:36.57831954956055|#Level:Host|#hostname:SnoozeUbuntu,timestamp:1642439219
2022-01-17 18:06:59,293 - DiskUsage.Gigabytes:48.42656326293945|#Level:Host|#hostname:SnoozeUbuntu,timestamp:1642439219
2022-01-17 18:06:59,294 - DiskUtilization.Percent:57.0|#Level:Host|#hostname:SnoozeUbuntu,timestamp:1642439219
2022-01-17 18:06:59,294 - MemoryAvailable.Megabytes:8446.29296875|#Level:Host|#hostname:SnoozeUbuntu,timestamp:1642439219
2022-01-17 18:06:59,294 - MemoryUsed.Megabytes:5015.12109375|#Level:Host|#hostname:SnoozeUbuntu,timestamp:1642439219
2022-01-17 18:06:59,294 - MemoryUtilization.Percent:39.0|#Level:Host|#hostname:SnoozeUbuntu,timestamp:1642439219
2022-01-17 18:07:59,298 - CPUUtilization.Percent:0.0|#Level:Host|#hostname:SnoozeUbuntu,timestamp:1642439279
2022-01-17 18:07:59,298 - DiskAvailable.Gigabytes:36.578155517578125|#Level:Host|#hostname:SnoozeUbuntu,timestamp:1642439279
2022-01-17 18:07:59,298 - DiskUsage.Gigabytes:48.426727294921875|#Level:Host|#hostname:SnoozeUbuntu,timestamp:1642439279
2022-01-17 18:07:59,299 - DiskUtilization.Percent:57.0|#Level:Host|#hostname:SnoozeUbuntu,timestamp:1642439279
2022-01-17 18:07:59,299 - MemoryAvailable.Megabytes:8074.89453125|#Level:Host|#hostname:SnoozeUbuntu,timestamp:1642439279
2022-01-17 18:07:59,299 - MemoryUsed.Megabytes:5349.68359375|#Level:Host|#hostname:SnoozeUbuntu,timestamp:1642439279
2022-01-17 18:07:59,299 - MemoryUtilization.Percent:41.7|#Level:Host|#hostname:SnoozeUbuntu,timestamp:1642439279
2022-01-17 18:08:59,296 - CPUUtilization.Percent:0.0|#Level:Host|#hostname:SnoozeUbuntu,timestamp:1642439339
2022-01-17 18:08:59,296 - DiskAvailable.Gigabytes:36.57805252075195|#Level:Host|#hostname:SnoozeUbuntu,timestamp:1642439339
2022-01-17 18:08:59,296 - DiskUsage.Gigabytes:48.42683029174805|#Level:Host|#hostname:SnoozeUbuntu,timestamp:1642439339
2022-01-17 18:08:59,296 - DiskUtilization.Percent:57.0|#Level:Host|#hostname:SnoozeUbuntu,timestamp:1642439339
2022-01-17 18:08:59,296 - MemoryAvailable.Megabytes:7977.14453125|#Level:Host|#hostname:SnoozeUbuntu,timestamp:1642439339
2022-01-17 18:08:59,296 - MemoryUsed.Megabytes:5469.984375|#Level:Host|#hostname:SnoozeUbuntu,timestamp:1642439339
2022-01-17 18:08:59,296 - MemoryUtilization.Percent:42.4|#Level:Host|#hostname:SnoozeUbuntu,timestamp:1642439339
